2025-05-13 00:16:45.827 [http-nio-8080-exec-6] INFO  NormalLogger - Entering method: TechStackController.TechStackController.addTechStack(..)
2025-05-13 00:16:45.841 [http-nio-8080-exec-6] INFO  NormalLogger - Entering method: TechStackService.TechStackService.addTechStack(..)
2025-05-13 00:18:09.064 [http-nio-8080-exec-1] INFO  NormalLogger - Entering method: TechStackController.TechStackController.addTechStack(..)
2025-05-13 00:18:09.065 [http-nio-8080-exec-1] INFO  NormalLogger - Entering method: TechStackService.TechStackService.addTechStack(..)
2025-05-13 00:20:33.724 [http-nio-8080-exec-2] INFO  NormalLogger - Entering method: TechStackController.TechStackController.addTechStack(..)
2025-05-13 00:20:33.725 [http-nio-8080-exec-2] INFO  NormalLogger - Entering method: TechStackService.TechStackService.addTechStack(..)
2025-05-13 00:24:41.817 [http-nio-8080-exec-3] INFO  NormalLogger - Entering method: TechStackController.TechStackController.addTechStack(..)
2025-05-13 00:24:41.819 [http-nio-8080-exec-3] INFO  NormalLogger - Entering method: TechStackService.TechStackService.addTechStack(..)
2025-05-13 00:24:42.329 [http-nio-8080-exec-3] INFO  NormalLogger - Exiting method: TechStackService.TechStackService.addTechStack(..), Execution time: 510ms
2025-05-13 00:24:42.335 [http-nio-8080-exec-3] INFO  NormalLogger - Exiting method: TechStackController.TechStackController.addTechStack(..), Execution time: 516ms
2025-05-13 00:24:52.774 [http-nio-8080-exec-2] INFO  NormalLogger - Entering method: TechStackController.TechStackController.addTechStack(..)
2025-05-13 00:24:52.776 [http-nio-8080-exec-2] INFO  NormalLogger - Entering method: TechStackService.TechStackService.addTechStack(..)
2025-05-13 00:24:52.821 [http-nio-8080-exec-2] INFO  NormalLogger - Exiting method: TechStackService.TechStackService.addTechStack(..), Execution time: 45ms
2025-05-13 00:24:52.822 [http-nio-8080-exec-2] INFO  NormalLogger - Exiting method: TechStackController.TechStackController.addTechStack(..), Execution time: 47ms
2025-05-13 00:24:58.973 [http-nio-8080-exec-4] INFO  NormalLogger - Entering method: TechStackController.TechStackController.addTechStack(..)
2025-05-13 00:24:58.975 [http-nio-8080-exec-4] INFO  NormalLogger - Entering method: TechStackService.TechStackService.addTechStack(..)
2025-05-13 00:24:59.005 [http-nio-8080-exec-4] INFO  NormalLogger - Exiting method: TechStackService.TechStackService.addTechStack(..), Execution time: 30ms
2025-05-13 00:24:59.006 [http-nio-8080-exec-4] INFO  NormalLogger - Exiting method: TechStackController.TechStackController.addTechStack(..), Execution time: 31ms
2025-05-13 00:25:08.863 [http-nio-8080-exec-5] INFO  NormalLogger - Entering method: TechStackController.TechStackController.addTechStack(..)
2025-05-13 00:25:08.864 [http-nio-8080-exec-5] INFO  NormalLogger - Entering method: TechStackService.TechStackService.addTechStack(..)
2025-05-13 00:25:08.894 [http-nio-8080-exec-5] INFO  NormalLogger - Exiting method: TechStackService.TechStackService.addTechStack(..), Execution time: 30ms
2025-05-13 00:25:08.896 [http-nio-8080-exec-5] INFO  NormalLogger - Exiting method: TechStackController.TechStackController.addTechStack(..), Execution time: 32ms
2025-05-13 00:25:14.747 [http-nio-8080-exec-6] INFO  NormalLogger - Entering method: TechStackController.TechStackController.addTechStack(..)
2025-05-13 00:25:14.747 [http-nio-8080-exec-6] INFO  NormalLogger - Entering method: TechStackService.TechStackService.addTechStack(..)
2025-05-13 00:25:14.777 [http-nio-8080-exec-6] INFO  NormalLogger - Exiting method: TechStackService.TechStackService.addTechStack(..), Execution time: 29ms
2025-05-13 00:25:14.778 [http-nio-8080-exec-6] INFO  NormalLogger - Exiting method: TechStackController.TechStackController.addTechStack(..), Execution time: 31ms
2025-05-13 00:25:26.721 [http-nio-8080-exec-7] INFO  NormalLogger - Entering method: TechStackService.TechStackService.getTechStackByName(..)
2025-05-13 00:25:26.736 [http-nio-8080-exec-7] INFO  NormalLogger - Exiting method: TechStackService.TechStackService.getTechStackByName(..), Execution time: 15ms
2025-05-13 00:25:40.325 [http-nio-8080-exec-8] INFO  NormalLogger - Entering method: JobController.JobController.addJob(..)
2025-05-13 00:25:40.337 [http-nio-8080-exec-8] INFO  NormalLogger - Entering method: JobService.JobService.addJob(..)
2025-05-13 00:25:40.340 [http-nio-8080-exec-8] INFO  NormalLogger - Entering method: TechStackService.TechStackService.getTechStackByName(..)
2025-05-13 00:25:40.352 [http-nio-8080-exec-8] INFO  NormalLogger - Exiting method: TechStackService.TechStackService.getTechStackByName(..), Execution time: 12ms
2025-05-13 00:28:43.326 [http-nio-8080-exec-10] INFO  NormalLogger - Entering method: JobController.JobController.addJob(..)
2025-05-13 00:28:43.327 [http-nio-8080-exec-10] INFO  NormalLogger - Entering method: JobService.JobService.addJob(..)
2025-05-13 00:28:43.328 [http-nio-8080-exec-10] INFO  NormalLogger - Entering method: TechStackService.TechStackService.getTechStackByName(..)
2025-05-13 00:28:43.337 [http-nio-8080-exec-10] INFO  NormalLogger - Exiting method: TechStackService.TechStackService.getTechStackByName(..), Execution time: 9ms
2025-05-13 00:29:06.272 [http-nio-8080-exec-1] INFO  NormalLogger - Entering method: JobController.JobController.addJob(..)
2025-05-13 00:29:06.273 [http-nio-8080-exec-1] INFO  NormalLogger - Entering method: JobService.JobService.addJob(..)
2025-05-13 00:29:06.274 [http-nio-8080-exec-1] INFO  NormalLogger - Entering method: TechStackService.TechStackService.getTechStackByName(..)
2025-05-13 00:29:06.392 [http-nio-8080-exec-1] INFO  NormalLogger - Exiting method: TechStackService.TechStackService.getTechStackByName(..), Execution time: 118ms
2025-05-13 00:29:06.695 [http-nio-8080-exec-1] INFO  NormalLogger - Exiting method: JobService.JobService.addJob(..), Execution time: 422ms
2025-05-13 00:29:06.697 [http-nio-8080-exec-1] INFO  NormalLogger - Exiting method: JobController.JobController.addJob(..), Execution time: 424ms
2025-05-13 00:34:34.509 [http-nio-8080-exec-2] INFO  NormalLogger - Entering method: TechStackController.TechStackController.addTechStack(..)
2025-05-13 00:34:34.511 [http-nio-8080-exec-2] INFO  NormalLogger - Entering method: TechStackService.TechStackService.addTechStack(..)
2025-05-13 00:34:34.989 [http-nio-8080-exec-2] INFO  NormalLogger - Exiting method: TechStackService.TechStackService.addTechStack(..), Execution time: 477ms
2025-05-13 00:34:34.992 [http-nio-8080-exec-2] INFO  NormalLogger - Exiting method: TechStackController.TechStackController.addTechStack(..), Execution time: 481ms
2025-05-13 00:34:39.898 [http-nio-8080-exec-3] INFO  NormalLogger - Entering method: TechStackService.TechStackService.getTechStackByName(..)
2025-05-13 00:34:39.915 [http-nio-8080-exec-3] INFO  NormalLogger - Exiting method: TechStackService.TechStackService.getTechStackByName(..), Execution time: 17ms
2025-05-13 00:34:44.891 [http-nio-8080-exec-4] INFO  NormalLogger - Entering method: JobController.JobController.addJob(..)
2025-05-13 00:34:44.894 [http-nio-8080-exec-4] INFO  NormalLogger - Entering method: JobService.JobService.addJob(..)
2025-05-13 00:34:44.896 [http-nio-8080-exec-4] INFO  NormalLogger - Entering method: TechStackService.TechStackService.getTechStackByName(..)
2025-05-13 00:34:44.902 [http-nio-8080-exec-4] INFO  NormalLogger - Exiting method: TechStackService.TechStackService.getTechStackByName(..), Execution time: 6ms
2025-05-13 00:34:45.110 [http-nio-8080-exec-4] INFO  NormalLogger - Exiting method: JobService.JobService.addJob(..), Execution time: 215ms
2025-05-13 00:34:45.111 [http-nio-8080-exec-4] INFO  NormalLogger - Exiting method: JobController.JobController.addJob(..), Execution time: 217ms
2025-05-13 00:39:23.647 [http-nio-8080-exec-3] INFO  NormalLogger - Entering method: TechStackController.TechStackController.addTechStack(..)
2025-05-13 00:39:23.648 [http-nio-8080-exec-3] INFO  NormalLogger - Entering method: TechStackService.TechStackService.addTechStack(..)
2025-05-13 00:39:23.920 [http-nio-8080-exec-3] INFO  NormalLogger - Exiting method: TechStackService.TechStackService.addTechStack(..), Execution time: 271ms
2025-05-13 00:39:23.924 [http-nio-8080-exec-3] INFO  NormalLogger - Exiting method: TechStackController.TechStackController.addTechStack(..), Execution time: 276ms
2025-05-13 00:39:28.099 [http-nio-8080-exec-2] INFO  NormalLogger - Entering method: TechStackService.TechStackService.getTechStackByName(..)
2025-05-13 00:39:28.114 [http-nio-8080-exec-2] INFO  NormalLogger - Exiting method: TechStackService.TechStackService.getTechStackByName(..), Execution time: 14ms
2025-05-13 00:39:32.719 [http-nio-8080-exec-4] INFO  NormalLogger - Entering method: JobController.JobController.addJob(..)
2025-05-13 00:39:32.721 [http-nio-8080-exec-4] INFO  NormalLogger - Entering method: JobService.JobService.addJob(..)
2025-05-13 00:39:32.725 [http-nio-8080-exec-4] INFO  NormalLogger - Entering method: TechStackService.TechStackService.getTechStackByName(..)
2025-05-13 00:39:32.735 [http-nio-8080-exec-4] INFO  NormalLogger - Exiting method: TechStackService.TechStackService.getTechStackByName(..), Execution time: 10ms
2025-05-13 00:39:32.941 [http-nio-8080-exec-4] INFO  NormalLogger - Exiting method: JobService.JobService.addJob(..), Execution time: 218ms
2025-05-13 00:39:32.941 [http-nio-8080-exec-4] INFO  NormalLogger - Exiting method: JobController.JobController.addJob(..), Execution time: 220ms
2025-05-13 00:43:47.047 [http-nio-8080-exec-3] INFO  NormalLogger - Entering method: JobController.JobController.addJob(..)
2025-05-13 00:43:47.048 [http-nio-8080-exec-3] INFO  NormalLogger - Entering method: JobService.JobService.addJob(..)
2025-05-13 00:43:47.049 [http-nio-8080-exec-3] INFO  NormalLogger - Entering method: TechStackService.TechStackService.getTechStackByName(..)
2025-05-13 00:43:47.176 [http-nio-8080-exec-3] INFO  NormalLogger - Exiting method: TechStackService.TechStackService.getTechStackByName(..), Execution time: 127ms
2025-05-13 00:43:47.495 [http-nio-8080-exec-3] INFO  NormalLogger - Exiting method: JobService.JobService.addJob(..), Execution time: 447ms
2025-05-13 00:43:47.503 [http-nio-8080-exec-3] INFO  NormalLogger - Exiting method: JobController.JobController.addJob(..), Execution time: 455ms
2025-05-13 00:48:54.283 [http-nio-8080-exec-2] INFO  NormalLogger - Entering method: TechStackController.TechStackController.addTechStack(..)
2025-05-13 00:48:54.284 [http-nio-8080-exec-2] INFO  NormalLogger - Entering method: TechStackService.TechStackService.addTechStack(..)
2025-05-13 00:48:54.661 [http-nio-8080-exec-2] INFO  NormalLogger - Exiting method: TechStackService.TechStackService.addTechStack(..), Execution time: 377ms
2025-05-13 00:48:54.666 [http-nio-8080-exec-2] INFO  NormalLogger - Exiting method: TechStackController.TechStackController.addTechStack(..), Execution time: 382ms
2025-05-13 00:48:57.035 [http-nio-8080-exec-3] INFO  NormalLogger - Entering method: TechStackService.TechStackService.getTechStackByName(..)
2025-05-13 00:48:57.051 [http-nio-8080-exec-3] INFO  NormalLogger - Exiting method: TechStackService.TechStackService.getTechStackByName(..), Execution time: 15ms
2025-05-13 00:49:00.246 [http-nio-8080-exec-4] INFO  NormalLogger - Entering method: JobController.JobController.addJob(..)
2025-05-13 00:49:00.248 [http-nio-8080-exec-4] INFO  NormalLogger - Entering method: JobService.JobService.addJob(..)
2025-05-13 00:49:00.255 [http-nio-8080-exec-4] INFO  NormalLogger - Entering method: TechStackService.TechStackService.getTechStackByName(..)
2025-05-13 00:49:00.263 [http-nio-8080-exec-4] INFO  NormalLogger - Exiting method: TechStackService.TechStackService.getTechStackByName(..), Execution time: 8ms
2025-05-13 00:49:00.487 [http-nio-8080-exec-4] INFO  NormalLogger - Exiting method: JobService.JobService.addJob(..), Execution time: 237ms
2025-05-13 00:49:00.488 [http-nio-8080-exec-4] INFO  NormalLogger - Exiting method: JobController.JobController.addJob(..), Execution time: 240ms
